\\nasfmc\Ổ Sever Mới\Định\Satisfy ASMR\New folder\Short Bánh xe\V206-V220
\\nasfmc\Ổ Sever Mới\Định\Satisfy ASMR\New folder\Short Bánh xe\1. ĐÃ UP\V221-V235
\\nasfmc\Ổ Sever Mới\Định\Satisfy ASMR\New folder\Short Bánh xe\V236-V240
\\nasfmc\Ổ Sever Mới\Định\Satisfy ASMR\New folder\Short Bánh xe\V291-V300
\\nasfmc\Ổ Sever Mới\Định\Satisfy ASMR\New folder\Short Bánh xe\v316 - v330
\\nasfmc\Ổ Sever Mới\Định\Satisfy ASMR\New folder\Short Bánh xe\V331-V345
\\nasfmc\Ổ Sever Mới\Định\Satisfy ASMR\New folder\Short Bánh xe\V346 - V360
\\nasfmc\Ổ Sever Mới\Định\Satisfy ASMR\New folder\Short Bánh xe\V361 - V375
\\nasfmc\Ổ Sever Mới\Định\Satisfy ASMR\New folder\Short Bánh xe\V376 - V390
\\nasfmc\Ổ Sever Mới\Định\Satisfy ASMR\New folder\Short Bánh xe\V391 - V405
\\nasfmc\Ổ Sever Mới\Định\Satisfy ASMR\New folder\Short Bánh xe\V406 - V420
\\nasfmc\Ổ Sever Mới\Định\Satisfy ASMR\New folder\Short Bánh xe\V421 - V435
\\nasfmc\Ổ Sever Mới\Định\Satisfy ASMR\New folder\Short Bánh xe\V436 - V450
\\nasfmc\Ổ Sever Mới\Định\Satisfy ASMR\New folder\Short Bánh xe\V466-V480
\\nasfmc\Ổ Sever Mới\Định\Satisfy ASMR\New folder\Short Bánh xe\V481 - V495
\\nasfmc\Ổ Sever Mới\Định\Satisfy ASMR\New folder\Short Bánh xe\V496 - V510
\\nasfmc\Ổ Sever Mới\Định\Satisfy ASMR\New folder\Short Bánh xe\V511 - V525
\\nasfmc\Ổ Sever Mới\Định\Satisfy ASMR\New folder\Short Bánh xe\V526 - V540
\\nasfmc\Ổ Sever Mới\Định\Satisfy ASMR\New folder\Short Bánh xe\V541 - V555
\\nasfmc\Ổ Sever Mới\Định\Satisfy ASMR\New folder\Short Bánh xe\V556 - V570
\\nasfmc\Ổ Sever Mới\Định\Satisfy ASMR\New folder\Short Bánh xe\V571 -  V585
\\nasfmc\Ổ Sever Mới\Định\Satisfy ASMR\New folder\Short Bánh xe\V586 - V600
\\nasfmc\Ổ Sever Mới\Định\Satisfy ASMR\New folder\Short Bánh xe\V601 - V615
\\nasfmc\Ổ Sever Mới\Định\Satisfy ASMR\New folder\Short Bánh xe\V616 - V630
\\nasfmc\Ổ Sever Mới\Định\Satisfy ASMR\New folder\Short Bánh xe\V631 - V645
\\nasfmc\Ổ Sever Mới\Định\Satisfy ASMR\New folder\Short Bánh xe\V646 - V660
\\nasfmc\Ổ Sever Mới\Định\Satisfy ASMR\New folder\Short Bánh xe\V661 - V675
\\nasfmc\Ổ Sever Mới\Định\Satisfy ASMR\New folder\Short Bánh xe\V676 - V690
\\nasfmc\Ổ Sever Mới\Định\Satisfy ASMR\New folder\Short Bánh xe\V691 - V705
\\nasfmc\Ổ Sever Mới\Định\Satisfy ASMR\New folder\Short Bánh xe\V706 - V720
\\nasfmc\Ổ Sever Mới\Định\Satisfy ASMR\New folder\Short Bánh xe\V721 - V735
\\nasfmc\Ổ Sever Mới\Định\Satisfy ASMR\New folder\Short Bánh xe\V736 - V750
\\nasfmc\Ổ Sever Mới\Định\Satisfy ASMR\New folder\Short Bánh xe\V751 - V765
\\nasfmc\Ổ Sever Mới\Định\Satisfy ASMR\New folder\Short Bánh xe\V766-V780
\\nasfmc\Ổ Sever Mới\Định\Satisfy ASMR\New folder\Short Bánh xe\V781-V795
\\nasfmc\Ổ Sever Mới\Định\Satisfy ASMR\New folder\Short Bánh xe\V796-V810
\\nasfmc\Ổ Sever Mới\Định\Satisfy ASMR\New folder\Short Bánh xe\V811-V825
\\nasfmc\Ổ Sever Mới\Định\Satisfy ASMR\New folder\Short Bánh xe\V826-V840
\\nasfmc\Ổ Sever Mới\Định\Satisfy ASMR\New folder\Short Bánh xe\V841 - V855
\\nasfmc\Ổ Sever Mới\Định\Satisfy ASMR\New folder\Short Bánh xe\V856 - V870H
\\nasfmc\Ổ Sever Mới\Định\Satisfy ASMR\New folder\Short Bánh xe\V871 - V885
\\nasfmc\Ổ Sever Mới\Định\Satisfy ASMR\New folder\Short Bánh xe\V886 - V900
\\nasfmc\Ổ Sever Mới\Định\Satisfy ASMR\New folder\Short Bánh xe\V901 - V915
\\nasfmc\Ổ Sever Mới\Định\Satisfy ASMR\New folder\Short Bánh xe\V916 - V930
\\nasfmc\Ổ Sever Mới\Định\Satisfy ASMR\New folder\Short Bánh xe\V931-V945
\\nasfmc\Ổ Sever Mới\Định\Satisfy ASMR\New folder\Short Bánh xe\V946-V960
\\nasfmc\Ổ Sever Mới\Định\Satisfy ASMR\New folder\Short Bánh xe\V961-V975
\\nasfmc\Ổ Sever Mới\Định\Satisfy ASMR\New folder\Short Bánh xe\V976-V990
\\nasfmc\Ổ Sever Mới\Định\Satisfy ASMR\New folder\Short Bánh xe\V991-V1005
\\nasfmc\Ổ Sever Mới\Định\Satisfy ASMR\New folder\Short Bánh xe\V1006-V1020
\\nasfmc\Ổ Sever Mới\Định\Satisfy ASMR\New folder\Short Bánh xe\V1021-V1035
\\nasfmc\Ổ Sever Mới\Định\Satisfy ASMR\New folder\Short Bánh xe\V1036-V1050
\\nasfmc\Ổ Sever Mới\Định\Satisfy ASMR\New folder\Short Bánh xe\V1051 - V1065H
\\nasfmc\Ổ Sever Mới\Định\Satisfy ASMR\New folder\Short Bánh xe\V1066 - V1080
\\nasfmc\Ổ Sever Mới\Định\Satisfy ASMR\New folder\Short Bánh xe\V1081 - V1095
\\nasfmc\Ổ Sever Mới\Định\Satisfy ASMR\New folder\Short Bánh xe\V1096 - V1110
\\nasfmc\Ổ Sever Mới\Định\Satisfy ASMR\New folder\Short Bánh xe\V1111--V1125
\\nasfmc\Ổ Sever Mới\Định\Satisfy ASMR\New folder\Short Bánh xe\V1126-V1140
\\nasfmc\Ổ Sever Mới\Định\Satisfy ASMR\New folder\Short Bánh xe\V1141-V1155
\\nasfmc\Ổ Sever Mới\Định\Satisfy ASMR\New folder\Short Bánh xe\V1156-V1170
\\nasfmc\Ổ Sever Mới\Định\Satisfy ASMR\New folder\Short Bánh xe\V1171-V1185
\\nasfmc\Ổ Sever Mới\Định\Satisfy ASMR\New folder\Short Bánh xe\V1186-V1200
\\nasfmc\Ổ Sever Mới\Định\Satisfy ASMR\New folder\Short Bánh xe\V1201 - V1215
\\nasfmc\Ổ Sever Mới\Định\Satisfy ASMR\New folder\Short Bánh xe\V1216 - V1230
\\nasfmc\Ổ Sever Mới\Định\Satisfy ASMR\New folder\Short Bánh xe\V1231 - V1245
\\nasfmc\Ổ Sever Mới\Định\Satisfy ASMR\New folder\Short Bánh xe\V1246-V1260
\\nasfmc\Ổ Sever Mới\Định\Satisfy ASMR\New folder\Short Bánh xe\V1261-1275
\\nasfmc\Ổ Sever Mới\Định\Satisfy ASMR\New folder\Short Bánh xe\V1276-V1290
\\nasfmc\Ổ Sever Mới\Định\Satisfy ASMR\New folder\Short Bánh xe\V1291-V1305
\\nasfmc\Ổ Sever Mới\Định\Satisfy ASMR\New folder\Short Bánh xe\V1306 - V1320
\\nasfmc\Ổ Sever Mới\Định\Satisfy ASMR\New folder\Short Bánh xe\V1336-V1350
